<?xml version="1.0" encoding="UTF-8"?>
<!-- Generated by org.testng.reporters.JUnitXMLReporter -->
<testsuite ignored="0" hostname="SriprasadKoushik" failures="0" tests="8" name="PetStoreTest" time="16.069" errors="0" timestamp="2023-10-23T16:55:08 IST">
  <testcase classname="api.test.UserTests" name="testPostUser" time="3.981"/>
  <testcase classname="api.test.UserTests" name="testGetUserByName" time="1.239"/>
  <testcase classname="api.test.UserTests" name="testUpdateUserByName" time="2.346"/>
  <testcase classname="api.test.UserTests" name="testDeleteUserByName" time="1.16"/>
  <testcase classname="api.test.UserTests_By_Using_PropertiesFile" name="testPostUser" time="1.188"/>
  <testcase classname="api.test.UserTests_By_Using_PropertiesFile" name="testGetUserByName" time="1.175"/>
  <testcase classname="api.test.UserTests_By_Using_PropertiesFile" name="testUpdateUserByName" time="2.413"/>
  <testcase classname="api.test.UserTests_By_Using_PropertiesFile" name="testDeleteUserByName" time="1.149"/>
</testsuite> <!-- PetStoreTest -->
