<?xml version="1.0" encoding="UTF-8"?>
<!-- Generated by org.testng.reporters.JUnitXMLReporter -->
<testsuite ignored="0" hostname="DESKTOP-LQSVVBR" failures="0" tests="8" name="PetStoreTest" time="14.804" errors="0" timestamp="2023-07-02T15:38:19 IST">
  <testcase classname="api.test.UserTests" name="testPostUser" time="3.53"/>
  <testcase classname="api.test.UserTests" name="testGetUserByName" time="1.098"/>
  <testcase classname="api.test.UserTests" name="testUpdateUserByName" time="2.26"/>
  <testcase classname="api.test.UserTests" name="testDeleteUserByName" time="1.067"/>
  <testcase classname="api.test.UserTests_By_Using_PropertiesFile" name="testPostUser" time="1.067"/>
  <testcase classname="api.test.UserTests_By_Using_PropertiesFile" name="testGetUserByName" time="1.2"/>
  <testcase classname="api.test.UserTests_By_Using_PropertiesFile" name="testUpdateUserByName" time="2.137"/>
  <testcase classname="api.test.UserTests_By_Using_PropertiesFile" name="testDeleteUserByName" time="1.098"/>
</testsuite> <!-- PetStoreTest -->
