<?xml version="1.0" encoding="UTF-8"?>
<!-- Generated by org.testng.reporters.JUnitXMLReporter -->
<testsuite ignored="0" hostname="DESKTOP-LQSVVBR" failures="0" tests="6" name="Default test" time="13.521" errors="0" timestamp="2023-07-02T08:30:27 IST">
  <testcase classname="api.test.DDTests" name="testPostuser" time="3.784"/>
  <testcase classname="api.test.DDTests" name="testPostuser" time="1.108"/>
  <testcase classname="api.test.DDTests" name="testPostuser" time="1.223"/>
  <testcase classname="api.test.DDTests" name="testDeleteUserByName" time="1.136"/>
  <testcase classname="api.test.DDTests" name="testDeleteUserByName" time="1.154"/>
  <testcase classname="api.test.DDTests" name="testDeleteUserByName" time="1.156"/>
</testsuite> <!-- Default test -->
