<?xml version="1.0" encoding="UTF-8"?>
<!-- Generated by org.testng.reporters.JUnitXMLReporter -->
<testsuite ignored="0" hostname="SriprasadKoushik" failures="0" tests="6" name="Default test" time="14.663" errors="0" timestamp="2023-10-23T10:19:01 IST">
  <testcase classname="api.test.DDTests" name="testPostuser" time="3.625"/>
  <testcase classname="api.test.DDTests" name="testPostuser" time="1.196"/>
  <testcase classname="api.test.DDTests" name="testPostuser" time="1.149"/>
  <testcase classname="api.test.DDTests" name="testDeleteUserByName" time="1.175"/>
  <testcase classname="api.test.DDTests" name="testDeleteUserByName" time="1.138"/>
  <testcase classname="api.test.DDTests" name="testDeleteUserByName" time="1.167"/>
</testsuite> <!-- Default test -->
