<?xml version="1.0" encoding="UTF-8"?>
<testng-results ignored="0" total="8" passed="8" failed="0" skipped="0">
  <reporter-output>
  </reporter-output>
  <suite started-at="2023-10-23T16:54:51 IST" name="PetStoreSuite" finished-at="2023-10-23T16:55:07 IST" duration-ms="16069">
    <groups>
    </groups>
    <test started-at="2023-10-23T16:54:51 IST" name="PetStoreTest" finished-at="2023-10-23T16:55:07 IST" duration-ms="16069">
      <class name="api.test.UserTests_By_Using_PropertiesFile">
        <test-method is-config="true" signature="setup()[pri:0, instance:api.test.UserTests_By_Using_PropertiesFile@f0c8a99]" started-at="2023-10-23T16:55:01 IST" name="setup" finished-at="2023-10-23T16:55:01 IST" duration-ms="87" status="PASS">
          <reporter-output>
          </reporter-output>
        </test-method> <!-- setup -->
        <test-method signature="testPostUser()[pri:1, instance:api.test.UserTests_By_Using_PropertiesFile@f0c8a99]" started-at="2023-10-23T16:55:01 IST" name="testPostUser" finished-at="2023-10-23T16:55:02 IST" duration-ms="1188" status="PASS">
          <reporter-output>
          </reporter-output>
        </test-method> <!-- testPostUser -->
        <test-method signature="testGetUserByName()[pri:2, instance:api.test.UserTests_By_Using_PropertiesFile@f0c8a99]" started-at="2023-10-23T16:55:02 IST" name="testGetUserByName" finished-at="2023-10-23T16:55:03 IST" duration-ms="1175" status="PASS">
          <reporter-output>
          </reporter-output>
        </test-method> <!-- testGetUserByName -->
        <test-method signature="testUpdateUserByName()[pri:3, instance:api.test.UserTests_By_Using_PropertiesFile@f0c8a99]" started-at="2023-10-23T16:55:03 IST" name="testUpdateUserByName" finished-at="2023-10-23T16:55:06 IST" duration-ms="2413" status="PASS">
          <reporter-output>
          </reporter-output>
        </test-method> <!-- testUpdateUserByName -->
        <test-method signature="testDeleteUserByName()[pri:4, instance:api.test.UserTests_By_Using_PropertiesFile@f0c8a99]" started-at="2023-10-23T16:55:06 IST" name="testDeleteUserByName" finished-at="2023-10-23T16:55:07 IST" duration-ms="1149" status="PASS">
          <reporter-output>
          </reporter-output>
        </test-method> <!-- testDeleteUserByName -->
      </class> <!-- api.test.UserTests_By_Using_PropertiesFile -->
      <class name="api.test.UserTests">
        <test-method is-config="true" signature="setup()[pri:0, instance:api.test.UserTests@5ab956d7]" started-at="2023-10-23T16:54:51 IST" name="setup" finished-at="2023-10-23T16:54:52 IST" duration-ms="918" status="PASS">
          <reporter-output>
          </reporter-output>
        </test-method> <!-- setup -->
        <test-method signature="testPostUser()[pri:1, instance:api.test.UserTests@5ab956d7]" started-at="2023-10-23T16:54:52 IST" name="testPostUser" finished-at="2023-10-23T16:54:56 IST" duration-ms="3981" status="PASS">
          <reporter-output>
          </reporter-output>
        </test-method> <!-- testPostUser -->
        <test-method signature="testGetUserByName()[pri:2, instance:api.test.UserTests@5ab956d7]" started-at="2023-10-23T16:54:56 IST" name="testGetUserByName" finished-at="2023-10-23T16:54:57 IST" duration-ms="1239" status="PASS">
          <reporter-output>
          </reporter-output>
        </test-method> <!-- testGetUserByName -->
        <test-method signature="testUpdateUserByName()[pri:3, instance:api.test.UserTests@5ab956d7]" started-at="2023-10-23T16:54:57 IST" name="testUpdateUserByName" finished-at="2023-10-23T16:55:00 IST" duration-ms="2346" status="PASS">
          <reporter-output>
          </reporter-output>
        </test-method> <!-- testUpdateUserByName -->
        <test-method signature="testDeleteUserByName()[pri:4, instance:api.test.UserTests@5ab956d7]" started-at="2023-10-23T16:55:00 IST" name="testDeleteUserByName" finished-at="2023-10-23T16:55:01 IST" duration-ms="1160" status="PASS">
          <reporter-output>
          </reporter-output>
        </test-method> <!-- testDeleteUserByName -->
      </class> <!-- api.test.UserTests -->
    </test> <!-- PetStoreTest -->
  </suite> <!-- PetStoreSuite -->
</testng-results>
