<?xml version="1.0" encoding="UTF-8"?>
<testsuite xmlns:xsi="http://www.w3.org/2001/XMLSchema-instance" xsi:noNamespaceSchemaLocation="https://maven.apache.org/surefire/maven-surefire-plugin/xsd/surefire-test-report-3.0.xsd" version="3.0" name="TestSuite" time="15.975" tests="8" errors="0" skipped="0" failures="0">
  <properties>
[...]
</properties>
  <testcase name="testPostUser" classname="api.test.UserTests" time="3.552">
    <system-out><![CDATA[HTTP/1.1 200 OK
Date: Sun, 02 Jul 2023 10:08:08 GMT
Content-Type: application/json
Transfer-Encoding: chunked
Connection: keep-alive
Access-Control-Allow-Origin: *
Access-Control-Allow-Methods: GET, POST, DELETE, PUT
Access-Control-Allow-Headers: Content-Type, api_key, Authorization
Server: Jetty(9.2.9.v20150224)

{
    "code": 200,
    "type": "unknown",
    "message": "1865516976"
}
]]></system-out>
    <system-err><![CDATA[SLF4J: Failed to load class "org.slf4j.impl.StaticLoggerBinder".
SLF4J: Defaulting to no-operation (NOP) logger implementation
SLF4J: See http://www.slf4j.org/codes.html#StaticLoggerBinder for further details.
]]></system-err>
  </testcase>
  <testcase name="testGetUserByName" classname="api.test.UserTests" time="1.25">
    <system-out><![CDATA[HTTP/1.1 200 OK
Date: Sun, 02 Jul 2023 10:08:09 GMT
Content-Type: application/json
Transfer-Encoding: chunked
Connection: keep-alive
Access-Control-Allow-Origin: *
Access-Control-Allow-Methods: GET, POST, DELETE, PUT
Access-Control-Allow-Headers: Content-Type, api_key, Authorization
Server: Jetty(9.2.9.v20150224)

{
    "id": 1865516976,
    "username": "khalilah.ruecker",
    "email": "numbers.feeney@example.com",
    "password": "r5brzusb",
    "phone": "(637) 414-6373",
    "userStatus": 0
}
]]></system-out>
  </testcase>
  <testcase name="testUpdateUserByName" classname="api.test.UserTests" time="2.102">
    <system-out><![CDATA[{
    "code": 200,
    "type": "unknown",
    "message": "1865516976"
}
]]></system-out>
  </testcase>
  <testcase name="testDeleteUserByName" classname="api.test.UserTests" time="1.067"/>
  <testcase name="testPostUser" classname="api.test.UserTests_By_Using_PropertiesFile" time="1.073">
    <system-out><![CDATA[HTTP/1.1 200 OK
Date: Sun, 02 Jul 2023 10:08:13 GMT
Content-Type: application/json
Transfer-Encoding: chunked
Connection: keep-alive
Access-Control-Allow-Origin: *
Access-Control-Allow-Methods: GET, POST, DELETE, PUT
Access-Control-Allow-Headers: Content-Type, api_key, Authorization
Server: Jetty(9.2.9.v20150224)

{
    "code": 200,
    "type": "unknown",
    "message": "1988280166"
}
]]></system-out>
  </testcase>
  <testcase name="testGetUserByName" classname="api.test.UserTests_By_Using_PropertiesFile" time="1.23">
    <system-out><![CDATA[HTTP/1.1 200 OK
Date: Sun, 02 Jul 2023 10:08:14 GMT
Content-Type: application/json
Transfer-Encoding: chunked
Connection: keep-alive
Access-Control-Allow-Origin: *
Access-Control-Allow-Methods: GET, POST, DELETE, PUT
Access-Control-Allow-Headers: Content-Type, api_key, Authorization
Server: Jetty(9.2.9.v20150224)

{
    "id": 1988280166,
    "username": "nathanial.emmerich",
    "email": "georgette.hansen@example.com",
    "password": "06jbftwe7r2dno",
    "phone": "(817) 477-7946",
    "userStatus": 0
}
]]></system-out>
  </testcase>
  <testcase name="testUpdateUserByName" classname="api.test.UserTests_By_Using_PropertiesFile" time="2.103">
    <system-out><![CDATA[{
    "code": 200,
    "type": "unknown",
    "message": "1988280166"
}
]]></system-out>
  </testcase>
  <testcase name="testDeleteUserByName" classname="api.test.UserTests_By_Using_PropertiesFile" time="1.099"/>
</testsuite>