<?xml version="1.0" encoding="UTF-8"?>
<testng-results ignored="0" total="8" passed="8" failed="0" skipped="0">
  <reporter-output>
  </reporter-output>
  <suite started-at="2023-10-23T16:13:23 IST" name="PetStoreSuite" finished-at="2023-10-23T16:13:38 IST" duration-ms="15865">
    <groups>
    </groups>
    <test started-at="2023-10-23T16:13:23 IST" name="PetStoreTest" finished-at="2023-10-23T16:13:38 IST" duration-ms="15865">
      <class name="api.test.UserTests_By_Using_PropertiesFile">
        <test-method is-config="true" signature="setup()[pri:0, instance:api.test.UserTests_By_Using_PropertiesFile@2794eab6]" started-at="2023-10-23T16:13:33 IST" name="setup" finished-at="2023-10-23T16:13:33 IST" duration-ms="76" status="PASS">
          <reporter-output>
          </reporter-output>
        </test-method> <!-- setup -->
        <test-method signature="testPostUser()[pri:1, instance:api.test.UserTests_By_Using_PropertiesFile@2794eab6]" started-at="2023-10-23T16:13:33 IST" name="testPostUser" finished-at="2023-10-23T16:13:34 IST" duration-ms="1199" status="PASS">
          <reporter-output>
          </reporter-output>
        </test-method> <!-- testPostUser -->
        <test-method signature="testGetUserByName()[pri:2, instance:api.test.UserTests_By_Using_PropertiesFile@2794eab6]" started-at="2023-10-23T16:13:34 IST" name="testGetUserByName" finished-at="2023-10-23T16:13:35 IST" duration-ms="1162" status="PASS">
          <reporter-output>
          </reporter-output>
        </test-method> <!-- testGetUserByName -->
        <test-method signature="testUpdateUserByName()[pri:3, instance:api.test.UserTests_By_Using_PropertiesFile@2794eab6]" started-at="2023-10-23T16:13:35 IST" name="testUpdateUserByName" finished-at="2023-10-23T16:13:37 IST" duration-ms="2235" status="PASS">
          <reporter-output>
          </reporter-output>
        </test-method> <!-- testUpdateUserByName -->
        <test-method signature="testDeleteUserByName()[pri:4, instance:api.test.UserTests_By_Using_PropertiesFile@2794eab6]" started-at="2023-10-23T16:13:37 IST" name="testDeleteUserByName" finished-at="2023-10-23T16:13:38 IST" duration-ms="1161" status="PASS">
          <reporter-output>
          </reporter-output>
        </test-method> <!-- testDeleteUserByName -->
      </class> <!-- api.test.UserTests_By_Using_PropertiesFile -->
      <class name="api.test.UserTests">
        <test-method is-config="true" signature="setup()[pri:0, instance:api.test.UserTests@229c6181]" started-at="2023-10-23T16:13:23 IST" name="setup" finished-at="2023-10-23T16:13:24 IST" duration-ms="1016" status="PASS">
          <reporter-output>
          </reporter-output>
        </test-method> <!-- setup -->
        <test-method signature="testPostUser()[pri:1, instance:api.test.UserTests@229c6181]" started-at="2023-10-23T16:13:24 IST" name="testPostUser" finished-at="2023-10-23T16:13:28 IST" duration-ms="3709" status="PASS">
          <reporter-output>
          </reporter-output>
        </test-method> <!-- testPostUser -->
        <test-method signature="testGetUserByName()[pri:2, instance:api.test.UserTests@229c6181]" started-at="2023-10-23T16:13:28 IST" name="testGetUserByName" finished-at="2023-10-23T16:13:29 IST" duration-ms="1244" status="PASS">
          <reporter-output>
          </reporter-output>
        </test-method> <!-- testGetUserByName -->
        <test-method signature="testUpdateUserByName()[pri:3, instance:api.test.UserTests@229c6181]" started-at="2023-10-23T16:13:29 IST" name="testUpdateUserByName" finished-at="2023-10-23T16:13:31 IST" duration-ms="2425" status="PASS">
          <reporter-output>
          </reporter-output>
        </test-method> <!-- testUpdateUserByName -->
        <test-method signature="testDeleteUserByName()[pri:4, instance:api.test.UserTests@229c6181]" started-at="2023-10-23T16:13:31 IST" name="testDeleteUserByName" finished-at="2023-10-23T16:13:33 IST" duration-ms="1166" status="PASS">
          <reporter-output>
          </reporter-output>
        </test-method> <!-- testDeleteUserByName -->
      </class> <!-- api.test.UserTests -->
    </test> <!-- PetStoreTest -->
  </suite> <!-- PetStoreSuite -->
</testng-results>
