<?xml version="1.0" encoding="UTF-8"?>
<!-- Generated by org.testng.reporters.JUnitXMLReporter -->
<testsuite ignored="0" hostname="SriprasadKoushik" failures="0" tests="8" name="PetStoreTest" time="15.865" errors="0" timestamp="2023-10-23T16:13:39 IST">
  <testcase classname="api.test.UserTests" name="testPostUser" time="3.709"/>
  <testcase classname="api.test.UserTests" name="testGetUserByName" time="1.244"/>
  <testcase classname="api.test.UserTests" name="testUpdateUserByName" time="2.425"/>
  <testcase classname="api.test.UserTests" name="testDeleteUserByName" time="1.166"/>
  <testcase classname="api.test.UserTests_By_Using_PropertiesFile" name="testPostUser" time="1.199"/>
  <testcase classname="api.test.UserTests_By_Using_PropertiesFile" name="testGetUserByName" time="1.162"/>
  <testcase classname="api.test.UserTests_By_Using_PropertiesFile" name="testUpdateUserByName" time="2.235"/>
  <testcase classname="api.test.UserTests_By_Using_PropertiesFile" name="testDeleteUserByName" time="1.161"/>
</testsuite> <!-- PetStoreTest -->
