<?xml version="1.0" encoding="UTF-8"?>
<!-- Generated by org.testng.reporters.JUnitXMLReporter -->
<testsuite ignored="0" hostname="DESKTOP-LQSVVBR" failures="0" tests="8" name="PetStoreTest" time="16.095" errors="0" timestamp="2023-07-02T12:47:20 IST">
  <testcase classname="api.test.UserTests" name="testPostUser" time="4.053"/>
  <testcase classname="api.test.UserTests" name="testGetUserByName" time="1.133"/>
  <testcase classname="api.test.UserTests" name="testUpdateUserByName" time="2.157"/>
  <testcase classname="api.test.UserTests" name="testDeleteUserByName" time="1.118"/>
  <testcase classname="api.test.UserTests_By_Using_PropertiesFile" name="testPostUser" time="1.185"/>
  <testcase classname="api.test.UserTests_By_Using_PropertiesFile" name="testGetUserByName" time="1.211"/>
  <testcase classname="api.test.UserTests_By_Using_PropertiesFile" name="testUpdateUserByName" time="2.263"/>
  <testcase classname="api.test.UserTests_By_Using_PropertiesFile" name="testDeleteUserByName" time="1.148"/>
</testsuite> <!-- PetStoreTest -->
